Start testing: May 20 17:56 EDT
----------------------------------------------------------
1/1 Testing: BankingTests
1/1 Test: BankingTests
Command: "/home/alex/solyuway/workspace/tasks/lab05/build/banking_tests"
Directory: /home/alex/solyuway/workspace/tasks/lab05/build
"BankingTests" start time: May 20 17:56 EDT
Output:
----------------------------------------------------------
Running main() from /home/alex/solyuway/workspace/tasks/lab05/third-party/gtest/googletest/src/gtest_main.cc
[==========] Running 13 tests from 3 test cases.
[----------] Global test environment set-up.
[----------] 6 tests from AccountTest
[ RUN      ] AccountTest.ConstructorInitializesNumberAndBalance
[       OK ] AccountTest.ConstructorInitializesNumberAndBalance (0 ms)
[ RUN      ] AccountTest.DepositIncreasesBalance
[       OK ] AccountTest.DepositIncreasesBalance (0 ms)
[ RUN      ] AccountTest.DepositThrowsOnNonPositiveAmount
[       OK ] AccountTest.DepositThrowsOnNonPositiveAmount (0 ms)
[ RUN      ] AccountTest.WithdrawDecreasesBalanceWhenSufficientFunds
[       OK ] AccountTest.WithdrawDecreasesBalanceWhenSufficientFunds (0 ms)
[ RUN      ] AccountTest.WithdrawReturnsFalseWhenInsufficientFunds
[       OK ] AccountTest.WithdrawReturnsFalseWhenInsufficientFunds (0 ms)
[ RUN      ] AccountTest.WithdrawThrowsOnNonPositiveAmount
[       OK ] AccountTest.WithdrawThrowsOnNonPositiveAmount (0 ms)
[----------] 6 tests from AccountTest (0 ms total)

[----------] 5 tests from TransactionTest
[ RUN      ] TransactionTest.ExecuteSuccessfulTransfer
[       OK ] TransactionTest.ExecuteSuccessfulTransfer (0 ms)
[ RUN      ] TransactionTest.ExecuteFailsWhenInsufficientFunds
[       OK ] TransactionTest.ExecuteFailsWhenInsufficientFunds (0 ms)
[ RUN      ] TransactionTest.ExecuteThrowsOnNonPositiveAmount
[       OK ] TransactionTest.ExecuteThrowsOnNonPositiveAmount (0 ms)
[ RUN      ] TransactionTest.ExecuteThrowsWhenAccountsAreInvalid
[       OK ] TransactionTest.ExecuteThrowsWhenAccountsAreInvalid (0 ms)
[ RUN      ] TransactionTest.ObserverIsNotifiedOnSuccessfulTransfer
[       OK ] TransactionTest.ObserverIsNotifiedOnSuccessfulTransfer (0 ms)
[----------] 5 tests from TransactionTest (0 ms total)

[----------] 2 tests from TransactionTestWithMocks
[ RUN      ] TransactionTestWithMocks.RollbackOnDepositFailure
[       OK ] TransactionTestWithMocks.RollbackOnDepositFailure (0 ms)
[ RUN      ] TransactionTestWithMocks.WithdrawFailsNoDepositAttempt
[       OK ] TransactionTestWithMocks.WithdrawFailsNoDepositAttempt (0 ms)
[----------] 2 tests from TransactionTestWithMocks (0 ms total)

[----------] Global test environment tear-down
[==========] 13 tests from 3 test cases ran. (0 ms total)
[  PASSED  ] 13 tests.
<end of output>
Test time =   0.01 sec
----------------------------------------------------------
Test Passed.
"BankingTests" end time: May 20 17:56 EDT
"BankingTests" time elapsed: 00:00:00
----------------------------------------------------------

End testing: May 20 17:56 EDT
