TN:
SF:/home/alex/solyuway/workspace/tasks/lab05/banking/Account.cpp
FNL:0,13,15
FNA:0,22,_ZNK7banking7Account10getBalanceEv
FNL:1,17,22
FNA:1,13,_ZN7banking7Account7depositEd
FNL:2,24,33
FNA:2,7,_ZN7banking7Account8withdrawEd
FNL:3,6,7
FNA:3,20,_ZN7banking7AccountC2ERKNSt7__cxx1112basic_stringIcSt11char_traitsIcESaIcEEE
FNL:4,9,11
FNA:4,1,_ZNK7banking7Account9getNumberB5cxx11Ev
FNF:5
FNH:5
DA:6,20
DA:7,20
DA:9,1
DA:10,1
DA:13,22
DA:14,22
DA:17,13
DA:18,13
DA:19,2
DA:21,11
DA:22,11
DA:24,7
DA:25,7
DA:26,2
DA:28,5
DA:29,2
DA:31,3
DA:32,3
LF:18
LH:18
end_of_record
TN:
SF:/home/alex/solyuway/workspace/tasks/lab05/banking/Account.hpp
FNL:0,12,12
FNA:0,0,_ZN7banking7AccountD0Ev
FNA:0,20,_ZN7banking7AccountD2Ev
FNF:1
FNH:1
DA:12,20
LF:1
LH:1
end_of_record
TN:
SF:/home/alex/solyuway/workspace/tasks/lab05/banking/Transaction.cpp
FNL:0,13,41
FNA:0,9,_ZN7banking11Transaction7executeEd
FNL:1,6,7
FNA:1,8,_ZN7banking11TransactionC2ESt10shared_ptrINS_7AccountEES3_
FNL:2,9,11
FNA:2,1,_ZN7banking11Transaction11setObserverESt10shared_ptrINS_16IAccountObserverEE
FNF:3
FNH:3
DA:6,8
DA:7,8
DA:9,1
DA:10,1
DA:11,1
DA:13,9
DA:14,9
DA:15,2
DA:17,7
DA:18,2
DA:21,5
DA:22,5
DA:24,5
DA:25,2
DA:29,3
DA:31,2
DA:32,1
DA:33,1
DA:35,2
DA:36,1
DA:38,1
DA:39,1
DA:40,1
LF:23
LH:23
end_of_record
TN:
SF:/home/alex/solyuway/workspace/tasks/lab05/banking/Transaction.hpp
FNL:0,11,11
FNA:0,0,_ZN7banking16IAccountObserverD0Ev
FNA:0,1,_ZN7banking16IAccountObserverD2Ev
FNL:1,18,18
FNA:1,8,_ZN7banking11TransactionD2Ev
FNF:2
FNH:2
DA:11,1
DA:18,8
LF:2
LH:2
end_of_record
